{"/Users/coding/rithm/exercises/week-7/express-shipping/shipItApi.js": {"path":"/Users/coding/rithm/exercises/week-7/express-shipping/shipItApi.js","statementMap":{"0":{"start":{"line":3,"column":24},"end":{"line":3,"column":52}},"1":{"start":{"line":4,"column":23},"end":{"line":4,"column":43}},"2":{"start":{"line":12,"column":2},"end":{"line":12,"column":55}},"3":{"start":{"line":14,"column":19},"end":{"line":26,"column":4}},"4":{"start":{"line":28,"column":19},"end":{"line":28,"column":40}},"5":{"start":{"line":30,"column":2},"end":{"line":30,"column":33}},"6":{"start":{"line":33,"column":0},"end":{"line":33,"column":33}}},"fnMap":{"0":{"name":"shipProduct","decl":{"start":{"line":11,"column":15},"end":{"line":11,"column":26}},"loc":{"start":{"line":11,"column":59},"end":{"line":31,"column":1}},"line":11}},"branchMap":{},"s":{"0":1,"1":1,"2":1,"3":1,"4":1,"5":1,"6":1},"f":{"0":1},"b":{},"_coverageSchema":"1a1c01bbd47fc00a2c39e90264f33305004495a9","hash":"669afcd8da8ba0d3d8b78b740d4aa9278bccdb08"}
}
